Removed Pin From Net: NetName=5V Pin=Buck5V-4
Removed Pin From Net: NetName=5V Pin=C_out-1
Removed Pin From Net: NetName=5V Pin=L1-2
Change Component Designator: OldDesignator=Buck5V NewDesignator=Buck15V
Change Component Designator: OldDesignator=C_in NewDesignator=C_in_1
Change Component Designator: OldDesignator=C_out NewDesignator=C_out_1
Change Component Designator: OldDesignator=diot NewDesignator=diot_1
Change component parameters (AddParameter): Name = "ADC Channels"; Value = "10"; VariantName = "[No Variations]"
Change component parameters (AddParameter): Name = "ADC Resolution"; Value = "12bit"; VariantName = "[No Variations]"
Change component parameters (AddParameter): Name = "ADCs"; Value = "2(10 x 12 bit)"; VariantName = "[No Variations]"
Change component parameters (AddParameter): Name = "ComponentLink1Description"; Value = "http://www.st.com/web/en/resource/technical/document/datasheet/CD00161566.pdf?src-supplier=Future+Electronics"; VariantName = "[No Variations]"
Change component parameters (AddParameter): Name = "ComponentLink1URL"; Value = "http://www.st.com/web/en/resource/technical/document/datasheet/CD00161566.pdf?src-supplier=Future+Electronics"; VariantName = "[No Variations]"
Change component parameters (AddParameter): Name = "ComponentLink2Description"; Value = "https://www.distrelec.biz/Web/Downloads/3_/en/puSTM_ARM-MicroCont-STM32F103_EN.pdf?mime=application%2Fpdf&src-supplier=Distrelec"; VariantName = "[No Variations]"
Change component parameters (AddParameter): Name = "ComponentLink2URL"; Value = "https://www.distrelec.biz/Web/Downloads/3_/en/puSTM_ARM-MicroCont-STM32F103_EN.pdf?mime=application%2Fpdf&src-supplier=Distrelec"; VariantName = "[No Variations]"
Change component parameters (AddParameter): Name = "ComponentLink3Description"; Value = "https://www.verical.com/server-webapp/html/getDatasheet?partID=69880&src-supplier=Verical"; VariantName = "[No Variations]"
Change component parameters (AddParameter): Name = "ComponentLink3URL"; Value = "https://www.verical.com/server-webapp/html/getDatasheet?partID=69880&src-supplier=Verical"; VariantName = "[No Variations]"
Change component parameters (AddParameter): Name = "ComponentLink4Description"; Value = "http://www.farnell.com/datasheets/1730126.pdf?src-supplier=Element14"; VariantName = "[No Variations]"
Change component parameters (AddParameter): Name = "ComponentLink4URL"; Value = "http://www.farnell.com/datasheets/1730126.pdf?src-supplier=Element14"; VariantName = "[No Variations]"
Change component parameters (AddParameter): Name = "ComponentLink5Description"; Value = "http://www.produktinfo.conrad.com/datenblaetter/1000000-1099999/001075658-da-01-en-MCU_64KB_MEM_STM32F103C8T6_LQFP_48_STM.pdf?src-supplier=Conrad"; VariantName = "[No Variations]"
Change component parameters (AddParameter): Name = "ComponentLink5URL"; Value = "http://www.produktinfo.conrad.com/datenblaetter/1000000-1099999/001075658-da-01-en-MCU_64KB_MEM_STM32F103C8T6_LQFP_48_STM.pdf?src-supplier=Conrad"; VariantName = "[No Variations]"
Change component parameters (AddParameter): Name = "ComponentLink6Description"; Value = "http://datasheet.iiic.cc/stmicroelectronics/STM32F103C8T6.pdf?src-supplier=IIIC"; VariantName = "[No Variations]"
Change component parameters (AddParameter): Name = "ComponentLink6URL"; Value = "http://datasheet.iiic.cc/stmicroelectronics/STM32F103C8T6.pdf?src-supplier=IIIC"; VariantName = "[No Variations]"
Change component parameters (AddParameter): Name = "Data Bus Width"; Value = "32bit"; VariantName = "[No Variations]"
Change component parameters (AddParameter): Name = "Device Core"; Value = "ARM Cortex M3"; VariantName = "[No Variations]"
Change component parameters (AddParameter): Name = "Dimensions"; Value = "7.2 x 7.2 x 1.45mm"; VariantName = "[No Variations]"
Change component parameters (AddParameter): Name = "Family Name"; Value = "STM32F"; VariantName = "[No Variations]"
Change component parameters (AddParameter): Name = "Height"; Value = "1.45mm"; VariantName = "[No Variations]"
Change component parameters (AddParameter): Name = "Instruction Set Architecture"; Value = "RISC"; VariantName = "[No Variations]"
Change component parameters (AddParameter): Name = "Length"; Value = "7.2mm"; VariantName = "[No Variations]"
Change component parameters (AddParameter): Name = "Manufacturer"; Value = "STMicroelectronics"; VariantName = "[No Variations]"
Change component parameters (AddParameter): Name = "Manufacturer Part Number"; Value = "STM32F103C8T6"; VariantName = "[No Variations]"
Change component parameters (AddParameter): Name = "Maximum Frequency"; Value = "72MHz"; VariantName = "[No Variations]"
Change component parameters (AddParameter): Name = "Maximum Operating Temperature"; Value = "+85 °C"; VariantName = "[No Variations]"
Change component parameters (AddParameter): Name = "Minimum Operating Temperature"; Value = "-40 °C"; VariantName = "[No Variations]"
Change component parameters (AddParameter): Name = "Mounting Type"; Value = "Surface Mount"; VariantName = "[No Variations]"
Change component parameters (AddParameter): Name = "Number of ADC Units"; Value = "2"; VariantName = "[No Variations]"
Change component parameters (AddParameter): Name = "Number of CAN Channels"; Value = "1"; VariantName = "[No Variations]"
Change component parameters (AddParameter): Name = "Number of I2C Channels"; Value = "2"; VariantName = "[No Variations]"
Change component parameters (AddParameter): Name = "Number of PWM Units"; Value = "1"; VariantName = "[No Variations]"
Change component parameters (AddParameter): Name = "Number of SPI Channels"; Value = "2"; VariantName = "[No Variations]"
Change component parameters (AddParameter): Name = "Number of Timers"; Value = "3"; VariantName = "[No Variations]"
Change component parameters (AddParameter): Name = "Number of USART Channels"; Value = "3"; VariantName = "[No Variations]"
Change component parameters (AddParameter): Name = "Package Type"; Value = "LQFP"; VariantName = "[No Variations]"
Change component parameters (AddParameter): Name = "Pin Count"; Value = "48"; VariantName = "[No Variations]"
Change component parameters (AddParameter): Name = "Pricing 1"; Value = "1=6.06, 10=5.438, 250=4.2272, 500=3.7931, 1000=3.199 (USD)"; VariantName = "[No Variations]"
Change component parameters (AddParameter): Name = "Program Memory Size"; Value = "64 kB"; VariantName = "[No Variations]"
Change component parameters (AddParameter): Name = "Program Memory Type"; Value = "Flash"; VariantName = "[No Variations]"
Change component parameters (AddParameter): Name = "Pulse Width Modulation"; Value = "1(16 bit) (Motor Control)"; VariantName = "[No Variations]"
Change component parameters (AddParameter): Name = "PWM Resolution"; Value = "16bit"; VariantName = "[No Variations]"
Change component parameters (AddParameter): Name = "RAM Size"; Value = "20 kB"; VariantName = "[No Variations]"
Change component parameters (AddParameter): Name = "Stock 1"; Value = "2374"; VariantName = "[No Variations]"
Change component parameters (AddParameter): Name = "Supplier 1"; Value = "Digi-Key"; VariantName = "[No Variations]"
Change component parameters (AddParameter): Name = "Supplier Part Number 1"; Value = "497-6063-ND"; VariantName = "[No Variations]"
Change component parameters (AddParameter): Name = "Timer Resolution"; Value = "16bit"; VariantName = "[No Variations]"
Change component parameters (AddParameter): Name = "Timers"; Value = "3 x 16 bit"; VariantName = "[No Variations]"
Change component parameters (AddParameter): Name = "Typical Operating Supply Voltage"; Value = "2 ? 3.6 V"; VariantName = "[No Variations]"
Change component parameters (AddParameter): Name = "USB Channels"; Value = "1 x Device"; VariantName = "[No Variations]"
Change component parameters (AddParameter): Name = "Width"; Value = "7.2mm"; VariantName = "[No Variations]"
Change component parameters. Clean all parameters for all variants
Change component parameters (AddParameter): Name = "ADC Channels"; Value = "10"; VariantName = "[No Variations]"
Change component parameters (AddParameter): Name = "ADC Resolution"; Value = "12bit"; VariantName = "[No Variations]"
Change component parameters (AddParameter): Name = "ADCs"; Value = "2(10 x 12 bit)"; VariantName = "[No Variations]"
Change component parameters (AddParameter): Name = "ComponentLink1Description"; Value = "http://www.st.com/web/en/resource/technical/document/datasheet/CD00161566.pdf?src-supplier=Future+Electronics"; VariantName = "[No Variations]"
Change component parameters (AddParameter): Name = "ComponentLink1URL"; Value = "http://www.st.com/web/en/resource/technical/document/datasheet/CD00161566.pdf?src-supplier=Future+Electronics"; VariantName = "[No Variations]"
Change component parameters (AddParameter): Name = "ComponentLink2Description"; Value = "https://www.distrelec.biz/Web/Downloads/3_/en/puSTM_ARM-MicroCont-STM32F103_EN.pdf?mime=application%2Fpdf&src-supplier=Distrelec"; VariantName = "[No Variations]"
Change component parameters (AddParameter): Name = "ComponentLink2URL"; Value = "https://www.distrelec.biz/Web/Downloads/3_/en/puSTM_ARM-MicroCont-STM32F103_EN.pdf?mime=application%2Fpdf&src-supplier=Distrelec"; VariantName = "[No Variations]"
Change component parameters (AddParameter): Name = "ComponentLink3Description"; Value = "https://www.verical.com/server-webapp/html/getDatasheet?partID=69880&src-supplier=Verical"; VariantName = "[No Variations]"
Change component parameters (AddParameter): Name = "ComponentLink3URL"; Value = "https://www.verical.com/server-webapp/html/getDatasheet?partID=69880&src-supplier=Verical"; VariantName = "[No Variations]"
Change component parameters (AddParameter): Name = "ComponentLink4Description"; Value = "http://www.farnell.com/datasheets/1730126.pdf?src-supplier=Element14"; VariantName = "[No Variations]"
Change component parameters (AddParameter): Name = "ComponentLink4URL"; Value = "http://www.farnell.com/datasheets/1730126.pdf?src-supplier=Element14"; VariantName = "[No Variations]"
Change component parameters (AddParameter): Name = "ComponentLink5Description"; Value = "http://www.produktinfo.conrad.com/datenblaetter/1000000-1099999/001075658-da-01-en-MCU_64KB_MEM_STM32F103C8T6_LQFP_48_STM.pdf?src-supplier=Conrad"; VariantName = "[No Variations]"
Change component parameters (AddParameter): Name = "ComponentLink5URL"; Value = "http://www.produktinfo.conrad.com/datenblaetter/1000000-1099999/001075658-da-01-en-MCU_64KB_MEM_STM32F103C8T6_LQFP_48_STM.pdf?src-supplier=Conrad"; VariantName = "[No Variations]"
Change component parameters (AddParameter): Name = "ComponentLink6Description"; Value = "http://datasheet.iiic.cc/stmicroelectronics/STM32F103C8T6.pdf?src-supplier=IIIC"; VariantName = "[No Variations]"
Change component parameters (AddParameter): Name = "ComponentLink6URL"; Value = "http://datasheet.iiic.cc/stmicroelectronics/STM32F103C8T6.pdf?src-supplier=IIIC"; VariantName = "[No Variations]"
Change component parameters (AddParameter): Name = "Data Bus Width"; Value = "32bit"; VariantName = "[No Variations]"
Change component parameters (AddParameter): Name = "Device Core"; Value = "ARM Cortex M3"; VariantName = "[No Variations]"
Change component parameters (AddParameter): Name = "Dimensions"; Value = "7.2 x 7.2 x 1.45mm"; VariantName = "[No Variations]"
Change component parameters (AddParameter): Name = "Family Name"; Value = "STM32F"; VariantName = "[No Variations]"
Change component parameters (AddParameter): Name = "Height"; Value = "1.45mm"; VariantName = "[No Variations]"
Change component parameters (AddParameter): Name = "Instruction Set Architecture"; Value = "RISC"; VariantName = "[No Variations]"
Change component parameters (AddParameter): Name = "Length"; Value = "7.2mm"; VariantName = "[No Variations]"
Change component parameters (AddParameter): Name = "Manufacturer"; Value = "STMicroelectronics"; VariantName = "[No Variations]"
Change component parameters (AddParameter): Name = "Manufacturer Part Number"; Value = "STM32F103C8T6"; VariantName = "[No Variations]"
Change component parameters (AddParameter): Name = "Maximum Frequency"; Value = "72MHz"; VariantName = "[No Variations]"
Change component parameters (AddParameter): Name = "Maximum Operating Temperature"; Value = "+85 °C"; VariantName = "[No Variations]"
Change component parameters (AddParameter): Name = "Minimum Operating Temperature"; Value = "-40 °C"; VariantName = "[No Variations]"
Change component parameters (AddParameter): Name = "Mounting Type"; Value = "Surface Mount"; VariantName = "[No Variations]"
Change component parameters (AddParameter): Name = "Number of ADC Units"; Value = "2"; VariantName = "[No Variations]"
Change component parameters (AddParameter): Name = "Number of CAN Channels"; Value = "1"; VariantName = "[No Variations]"
Change component parameters (AddParameter): Name = "Number of I2C Channels"; Value = "2"; VariantName = "[No Variations]"
Change component parameters (AddParameter): Name = "Number of PWM Units"; Value = "1"; VariantName = "[No Variations]"
Change component parameters (AddParameter): Name = "Number of SPI Channels"; Value = "2"; VariantName = "[No Variations]"
Change component parameters (AddParameter): Name = "Number of Timers"; Value = "3"; VariantName = "[No Variations]"
Change component parameters (AddParameter): Name = "Number of USART Channels"; Value = "3"; VariantName = "[No Variations]"
Change component parameters (AddParameter): Name = "Package Type"; Value = "LQFP"; VariantName = "[No Variations]"
Change component parameters (AddParameter): Name = "Pin Count"; Value = "48"; VariantName = "[No Variations]"
Change component parameters (AddParameter): Name = "Pricing 1"; Value = "1=6.06, 10=5.438, 250=4.2272, 500=3.7931, 1000=3.199 (USD)"; VariantName = "[No Variations]"
Change component parameters (AddParameter): Name = "Program Memory Size"; Value = "64 kB"; VariantName = "[No Variations]"
Change component parameters (AddParameter): Name = "Program Memory Type"; Value = "Flash"; VariantName = "[No Variations]"
Change component parameters (AddParameter): Name = "Pulse Width Modulation"; Value = "1(16 bit) (Motor Control)"; VariantName = "[No Variations]"
Change component parameters (AddParameter): Name = "PWM Resolution"; Value = "16bit"; VariantName = "[No Variations]"
Change component parameters (AddParameter): Name = "RAM Size"; Value = "20 kB"; VariantName = "[No Variations]"
Change component parameters (AddParameter): Name = "Stock 1"; Value = "2374"; VariantName = "[No Variations]"
Change component parameters (AddParameter): Name = "Supplier 1"; Value = "Digi-Key"; VariantName = "[No Variations]"
Change component parameters (AddParameter): Name = "Supplier Part Number 1"; Value = "497-6063-ND"; VariantName = "[No Variations]"
Change component parameters (AddParameter): Name = "Timer Resolution"; Value = "16bit"; VariantName = "[No Variations]"
Change component parameters (AddParameter): Name = "Timers"; Value = "3 x 16 bit"; VariantName = "[No Variations]"
Change component parameters (AddParameter): Name = "Typical Operating Supply Voltage"; Value = "2 ? 3.6 V"; VariantName = "[No Variations]"
Change component parameters (AddParameter): Name = "USB Channels"; Value = "1 x Device"; VariantName = "[No Variations]"
Change component parameters (AddParameter): Name = "Width"; Value = "7.2mm"; VariantName = "[No Variations]"
Add component (AddParameter): Name = "Category"; Value = "IC-Power"; VariantName = "[No Variations]"
Add component (AddParameter): Name = "Max Input Voltage"; Value = "12 V"; VariantName = "[No Variations]"
Add component (AddParameter): Name = "Max Output Current"; Value = "3 (6.0 peak) A"; VariantName = "[No Variations]"
Add component (AddParameter): Name = "Max Output Voltage"; Value = "mV"; VariantName = "[No Variations]"
Add component (AddParameter): Name = "Min Input Voltage"; Value = "mV"; VariantName = "[No Variations]"
Add component (AddParameter): Name = "Min Output Voltage"; Value = "mV"; VariantName = "[No Variations]"
Add component (AddParameter): Name = "Mounting Technology"; Value = "Surface Mount"; VariantName = "[No Variations]"
Add component (AddParameter): Name = "PowerICTypes"; Value = ""; VariantName = "[No Variations]"
Add component (AddParameter): Name = "Status"; Value = "Unreleased"; VariantName = "[No Variations]"
Add component (AddParameter): Name = "Supply Voltage"; Value = "mV"; VariantName = "[No Variations]"
Add component (AddParameter): Name = "Temperature Range"; Value = "-40 to +125 degC"; VariantName = "[No Variations]"
Added Component: Designator=Buck5V(TO263)
Add component. Clean all parameters for all variants
Add component (AddParameter): Name = "Category"; Value = "IC-Power"; VariantName = "[No Variations]"
Add component (AddParameter): Name = "Max Input Voltage"; Value = "12 V"; VariantName = "[No Variations]"
Add component (AddParameter): Name = "Max Output Current"; Value = "3 (6.0 peak) A"; VariantName = "[No Variations]"
Add component (AddParameter): Name = "Max Output Voltage"; Value = "mV"; VariantName = "[No Variations]"
Add component (AddParameter): Name = "Min Input Voltage"; Value = "mV"; VariantName = "[No Variations]"
Add component (AddParameter): Name = "Min Output Voltage"; Value = "mV"; VariantName = "[No Variations]"
Add component (AddParameter): Name = "Mounting Technology"; Value = "Surface Mount"; VariantName = "[No Variations]"
Add component (AddParameter): Name = "PowerICTypes"; Value = ""; VariantName = "[No Variations]"
Add component (AddParameter): Name = "Status"; Value = "Unreleased"; VariantName = "[No Variations]"
Add component (AddParameter): Name = "Supply Voltage"; Value = "mV"; VariantName = "[No Variations]"
Add component (AddParameter): Name = "Temperature Range"; Value = "-40 to +125 degC"; VariantName = "[No Variations]"
Add component (AddParameter): Name = "Description 1"; Value = "2200uF-3300uF/6,3V - 1000uF-2200uF/10V"; VariantName = "[No Variations]"
Add component (AddParameter): Name = "Description 2"; Value = "1000uF/16V - 470uF => 1000uF/25V - 100uF/100V"; VariantName = "[No Variations]"
Add component (AddParameter): Name = "Description 3"; Value = "330uF>470uF/35V_220uF>470uF/50V_10uF>22uF/250V"; VariantName = "[No Variations]"
Add component (AddParameter): Name = "Description 4"; Value = "220uF => 330uF/63V - 10uF =>33uF/160 - 200V"; VariantName = "[No Variations]"
Add component (AddParameter): Name = "Description 5"; Value = "4,7uF>10uF/250V_3,3uF>10uF/400V - 2,2uF>4,7uF/450V"; VariantName = "[No Variations]"
Add component (AddParameter): Name = "Value"; Value = "1000uF/16V"; VariantName = "[No Variations]"
Added Component: Designator=C_out_2(CP1.5/3.4)
Add component. Clean all parameters for all variants
Add component (AddParameter): Name = "Description 1"; Value = "2200uF-3300uF/6,3V - 1000uF-2200uF/10V"; VariantName = "[No Variations]"
Add component (AddParameter): Name = "Description 2"; Value = "1000uF/16V - 470uF => 1000uF/25V - 100uF/100V"; VariantName = "[No Variations]"
Add component (AddParameter): Name = "Description 3"; Value = "330uF>470uF/35V_220uF>470uF/50V_10uF>22uF/250V"; VariantName = "[No Variations]"
Add component (AddParameter): Name = "Description 4"; Value = "220uF => 330uF/63V - 10uF =>33uF/160 - 200V"; VariantName = "[No Variations]"
Add component (AddParameter): Name = "Description 5"; Value = "4,7uF>10uF/250V_3,3uF>10uF/400V - 2,2uF>4,7uF/450V"; VariantName = "[No Variations]"
Add component (AddParameter): Name = "Value"; Value = "1000uF/16V"; VariantName = "[No Variations]"
Add component (AddParameter): Name = "Code - JEDEC"; Value = "DO-214-AB"; VariantName = "[No Variations]"
Add component (AddParameter): Name = "Published"; Value = "8-Jun-2000"; VariantName = "[No Variations]"
Add component (AddParameter): Name = "Publisher"; Value = "Altium Limited"; VariantName = "[No Variations]"
Add component (AddParameter): Name = "Revision"; Value = "July-2002: Re-released for DXP Platform."; VariantName = "[No Variations]"
Add component (AddParameter): Name = "Value"; Value = "1N5007"; VariantName = "[No Variations]"
Added Component: Designator=diot(DIO-SMD-106)
Add component. Clean all parameters for all variants
Add component (AddParameter): Name = "Code - JEDEC"; Value = "DO-214-AB"; VariantName = "[No Variations]"
Add component (AddParameter): Name = "Published"; Value = "8-Jun-2000"; VariantName = "[No Variations]"
Add component (AddParameter): Name = "Publisher"; Value = "Altium Limited"; VariantName = "[No Variations]"
Add component (AddParameter): Name = "Revision"; Value = "July-2002: Re-released for DXP Platform."; VariantName = "[No Variations]"
Add component (AddParameter): Name = "Value"; Value = "1N5007"; VariantName = "[No Variations]"
Add component (AddParameter): Name = "Value"; Value = "150 mH"; VariantName = "[No Variations]"
Added Component: Designator=L2(L/0.4)
Add component. Clean all parameters for all variants
Add component (AddParameter): Name = "Value"; Value = "150 mH"; VariantName = "[No Variations]"
Add component (AddParameter): Name = "Class"; Value = "Passive"; VariantName = "[No Variations]"
Add component (AddParameter): Name = "Manufacturer"; Value = "Generic Components"; VariantName = "[No Variations]"
Add component (AddParameter): Name = "Published"; Value = "08/06/2000"; VariantName = "[No Variations]"
Add component (AddParameter): Name = "Publisher"; Value = "Altium Hobart Technology Centre"; VariantName = "[No Variations]"
Added Component: Designator=R1_LM1(RES-SMD-0805)
Add component. Clean all parameters for all variants
Add component (AddParameter): Name = "Class"; Value = "Passive"; VariantName = "[No Variations]"
Add component (AddParameter): Name = "Manufacturer"; Value = "Generic Components"; VariantName = "[No Variations]"
Add component (AddParameter): Name = "Published"; Value = "08/06/2000"; VariantName = "[No Variations]"
Add component (AddParameter): Name = "Publisher"; Value = "Altium Hobart Technology Centre"; VariantName = "[No Variations]"
Add component (AddParameter): Name = "Class"; Value = "Passive"; VariantName = "[No Variations]"
Add component (AddParameter): Name = "Manufacturer"; Value = "Generic Components"; VariantName = "[No Variations]"
Add component (AddParameter): Name = "Published"; Value = "08/06/2000"; VariantName = "[No Variations]"
Add component (AddParameter): Name = "Publisher"; Value = "Altium Hobart Technology Centre"; VariantName = "[No Variations]"
Added Component: Designator=R2_LM1(RES-SMD-0805)
Add component. Clean all parameters for all variants
Add component (AddParameter): Name = "Class"; Value = "Passive"; VariantName = "[No Variations]"
Add component (AddParameter): Name = "Manufacturer"; Value = "Generic Components"; VariantName = "[No Variations]"
Add component (AddParameter): Name = "Published"; Value = "08/06/2000"; VariantName = "[No Variations]"
Add component (AddParameter): Name = "Publisher"; Value = "Altium Hobart Technology Centre"; VariantName = "[No Variations]"
Added Pin To Net: NetName=GND Pin=Buck5V-3
Added Pin To Net: NetName=5V Pin=Buck5V-4
Added Pin To Net: NetName=GND Pin=Buck5V-5
Added Pin To Net: NetName=5V Pin=C_out_2-1
Added Pin To Net: NetName=GND Pin=C_out_2-2
Added Pin To Net: NetName=GND Pin=diot-1
Added Pin To Net: NetName=5V Pin=L2-2
Added Pin To Net: NetName=GND Pin=R1_LM1-2
Change Net Name : Old Net Name=NetBuck5V_2 New Net Name=NetBuck15V_2
Added Pin To Net: NetName=15V Pin=Buck5V-1
Added Pin To Net: NetName=15V Pin=C_out_1-1
Added Pin To Net: NetName=15V Pin=L1-2
Added Pin To Net: NetName=15V Pin=R2_LM1-1
Added Net: Name=15V
Added Pin To Net: NetName=NetBuck5V_2 Pin=Buck5V-2
Added Pin To Net: NetName=NetBuck5V_2 Pin=diot-2
Added Pin To Net: NetName=NetBuck5V_2 Pin=L2-1
Added Net: Name=NetBuck5V_2
Added Pin To Net: NetName=NetBuck15V_4 Pin=Buck15V-4
Added Pin To Net: NetName=NetBuck15V_4 Pin=R1_LM1-1
Added Pin To Net: NetName=NetBuck15V_4 Pin=R2_LM1-2
Added Net: Name=NetBuck15V_4
Added Member To Class: ClassName=inverter_sch Member=Component Buck15V LM2576
Added Member To Class: ClassName=inverter_sch Member=Component C_out_2 100uF
Added Member To Class: ClassName=inverter_sch Member=Component diot_1 Diode SMD
Added Member To Class: ClassName=inverter_sch Member=Component L2 100mH
Added Member To Class: ClassName=inverter_sch Member=Component R1_LM1 Res
Added Member To Class: ClassName=inverter_sch Member=Component R2_LM1 Res
