Change Component DesignItemId : Designator=CP2 Old DesignItemId=CP3 New DesignItemId=CP1
Change Component DesignItemId : Designator=CP3 Old DesignItemId=CP3 New DesignItemId=CP1
Change Component Footprint: Designator=CP2 Old Footprint=CP1.5/3.4 New Footprint=CP1/2
Change Component Footprint: Designator=CP3 Old Footprint=CP1.5/3.4 New Footprint=CP1/2
Change Component Comment : Designator=CP2 Old Comment=47uF,63V New Comment=47uF
Change Component Comment : Designator=CP3 Old Comment=47uF,63V New Comment=47uF
Change Component Description : Designator=CP2 Old Description=Cap 100uF/35V - 470uF/16V New Description=Cap P  0,1uF < 22uF , 16 - 50V
Change Component Description : Designator=CP3 Old Description=Cap 100uF/35V - 470uF/16V New Description=Cap P  0,1uF < 22uF , 16 - 50V
Change component parameters (AddParameter): Name = "ADC Channels"; Value = "10"; VariantName = "[No Variations]"
Change component parameters (AddParameter): Name = "ADC Resolution"; Value = "12bit"; VariantName = "[No Variations]"
Change component parameters (AddParameter): Name = "ADCs"; Value = "2(10 x 12 bit)"; VariantName = "[No Variations]"
Change component parameters (AddParameter): Name = "ComponentLink1Description"; Value = "http://www.st.com/web/en/resource/technical/document/datasheet/CD00161566.pdf?src-supplier=Future+Electronics"; VariantName = "[No Variations]"
Change component parameters (AddParameter): Name = "ComponentLink1URL"; Value = "http://www.st.com/web/en/resource/technical/document/datasheet/CD00161566.pdf?src-supplier=Future+Electronics"; VariantName = "[No Variations]"
Change component parameters (AddParameter): Name = "ComponentLink2Description"; Value = "https://www.distrelec.biz/Web/Downloads/3_/en/puSTM_ARM-MicroCont-STM32F103_EN.pdf?mime=application%2Fpdf&src-supplier=Distrelec"; VariantName = "[No Variations]"
Change component parameters (AddParameter): Name = "ComponentLink2URL"; Value = "https://www.distrelec.biz/Web/Downloads/3_/en/puSTM_ARM-MicroCont-STM32F103_EN.pdf?mime=application%2Fpdf&src-supplier=Distrelec"; VariantName = "[No Variations]"
Change component parameters (AddParameter): Name = "ComponentLink3Description"; Value = "https://www.verical.com/server-webapp/html/getDatasheet?partID=69880&src-supplier=Verical"; VariantName = "[No Variations]"
Change component parameters (AddParameter): Name = "ComponentLink3URL"; Value = "https://www.verical.com/server-webapp/html/getDatasheet?partID=69880&src-supplier=Verical"; VariantName = "[No Variations]"
Change component parameters (AddParameter): Name = "ComponentLink4Description"; Value = "http://www.farnell.com/datasheets/1730126.pdf?src-supplier=Element14"; VariantName = "[No Variations]"
Change component parameters (AddParameter): Name = "ComponentLink4URL"; Value = "http://www.farnell.com/datasheets/1730126.pdf?src-supplier=Element14"; VariantName = "[No Variations]"
Change component parameters (AddParameter): Name = "ComponentLink5Description"; Value = "http://www.produktinfo.conrad.com/datenblaetter/1000000-1099999/001075658-da-01-en-MCU_64KB_MEM_STM32F103C8T6_LQFP_48_STM.pdf?src-supplier=Conrad"; VariantName = "[No Variations]"
Change component parameters (AddParameter): Name = "ComponentLink5URL"; Value = "http://www.produktinfo.conrad.com/datenblaetter/1000000-1099999/001075658-da-01-en-MCU_64KB_MEM_STM32F103C8T6_LQFP_48_STM.pdf?src-supplier=Conrad"; VariantName = "[No Variations]"
Change component parameters (AddParameter): Name = "ComponentLink6Description"; Value = "http://datasheet.iiic.cc/stmicroelectronics/STM32F103C8T6.pdf?src-supplier=IIIC"; VariantName = "[No Variations]"
Change component parameters (AddParameter): Name = "ComponentLink6URL"; Value = "http://datasheet.iiic.cc/stmicroelectronics/STM32F103C8T6.pdf?src-supplier=IIIC"; VariantName = "[No Variations]"
Change component parameters (AddParameter): Name = "Data Bus Width"; Value = "32bit"; VariantName = "[No Variations]"
Change component parameters (AddParameter): Name = "Device Core"; Value = "ARM Cortex M3"; VariantName = "[No Variations]"
Change component parameters (AddParameter): Name = "Dimensions"; Value = "7.2 x 7.2 x 1.45mm"; VariantName = "[No Variations]"
Change component parameters (AddParameter): Name = "Family Name"; Value = "STM32F"; VariantName = "[No Variations]"
Change component parameters (AddParameter): Name = "Height"; Value = "1.45mm"; VariantName = "[No Variations]"
Change component parameters (AddParameter): Name = "Instruction Set Architecture"; Value = "RISC"; VariantName = "[No Variations]"
Change component parameters (AddParameter): Name = "Length"; Value = "7.2mm"; VariantName = "[No Variations]"
Change component parameters (AddParameter): Name = "Manufacturer"; Value = "STMicroelectronics"; VariantName = "[No Variations]"
Change component parameters (AddParameter): Name = "Manufacturer Part Number"; Value = "STM32F103C8T6"; VariantName = "[No Variations]"
Change component parameters (AddParameter): Name = "Maximum Frequency"; Value = "72MHz"; VariantName = "[No Variations]"
Change component parameters (AddParameter): Name = "Maximum Operating Temperature"; Value = "+85 °C"; VariantName = "[No Variations]"
Change component parameters (AddParameter): Name = "Minimum Operating Temperature"; Value = "-40 °C"; VariantName = "[No Variations]"
Change component parameters (AddParameter): Name = "Mounting Type"; Value = "Surface Mount"; VariantName = "[No Variations]"
Change component parameters (AddParameter): Name = "Number of ADC Units"; Value = "2"; VariantName = "[No Variations]"
Change component parameters (AddParameter): Name = "Number of CAN Channels"; Value = "1"; VariantName = "[No Variations]"
Change component parameters (AddParameter): Name = "Number of I2C Channels"; Value = "2"; VariantName = "[No Variations]"
Change component parameters (AddParameter): Name = "Number of PWM Units"; Value = "1"; VariantName = "[No Variations]"
Change component parameters (AddParameter): Name = "Number of SPI Channels"; Value = "2"; VariantName = "[No Variations]"
Change component parameters (AddParameter): Name = "Number of Timers"; Value = "3"; VariantName = "[No Variations]"
Change component parameters (AddParameter): Name = "Number of USART Channels"; Value = "3"; VariantName = "[No Variations]"
Change component parameters (AddParameter): Name = "Package Type"; Value = "LQFP"; VariantName = "[No Variations]"
Change component parameters (AddParameter): Name = "Pin Count"; Value = "48"; VariantName = "[No Variations]"
Change component parameters (AddParameter): Name = "Pricing 1"; Value = "1=6.06, 10=5.438, 250=4.2272, 500=3.7931, 1000=3.199 (USD)"; VariantName = "[No Variations]"
Change component parameters (AddParameter): Name = "Program Memory Size"; Value = "64 kB"; VariantName = "[No Variations]"
Change component parameters (AddParameter): Name = "Program Memory Type"; Value = "Flash"; VariantName = "[No Variations]"
Change component parameters (AddParameter): Name = "Pulse Width Modulation"; Value = "1(16 bit) (Motor Control)"; VariantName = "[No Variations]"
Change component parameters (AddParameter): Name = "PWM Resolution"; Value = "16bit"; VariantName = "[No Variations]"
Change component parameters (AddParameter): Name = "RAM Size"; Value = "20 kB"; VariantName = "[No Variations]"
Change component parameters (AddParameter): Name = "Stock 1"; Value = "2374"; VariantName = "[No Variations]"
Change component parameters (AddParameter): Name = "Supplier 1"; Value = "Digi-Key"; VariantName = "[No Variations]"
Change component parameters (AddParameter): Name = "Supplier Part Number 1"; Value = "497-6063-ND"; VariantName = "[No Variations]"
Change component parameters (AddParameter): Name = "Timer Resolution"; Value = "16bit"; VariantName = "[No Variations]"
Change component parameters (AddParameter): Name = "Timers"; Value = "3 x 16 bit"; VariantName = "[No Variations]"
Change component parameters (AddParameter): Name = "Typical Operating Supply Voltage"; Value = "2 ? 3.6 V"; VariantName = "[No Variations]"
Change component parameters (AddParameter): Name = "USB Channels"; Value = "1 x Device"; VariantName = "[No Variations]"
Change component parameters (AddParameter): Name = "Width"; Value = "7.2mm"; VariantName = "[No Variations]"
Change component parameters. Clean all parameters for all variants
Change component parameters (AddParameter): Name = "ADC Channels"; Value = "10"; VariantName = "[No Variations]"
Change component parameters (AddParameter): Name = "ADC Resolution"; Value = "12bit"; VariantName = "[No Variations]"
Change component parameters (AddParameter): Name = "ADCs"; Value = "2(10 x 12 bit)"; VariantName = "[No Variations]"
Change component parameters (AddParameter): Name = "ComponentLink1Description"; Value = "http://www.st.com/web/en/resource/technical/document/datasheet/CD00161566.pdf?src-supplier=Future+Electronics"; VariantName = "[No Variations]"
Change component parameters (AddParameter): Name = "ComponentLink1URL"; Value = "http://www.st.com/web/en/resource/technical/document/datasheet/CD00161566.pdf?src-supplier=Future+Electronics"; VariantName = "[No Variations]"
Change component parameters (AddParameter): Name = "ComponentLink2Description"; Value = "https://www.distrelec.biz/Web/Downloads/3_/en/puSTM_ARM-MicroCont-STM32F103_EN.pdf?mime=application%2Fpdf&src-supplier=Distrelec"; VariantName = "[No Variations]"
Change component parameters (AddParameter): Name = "ComponentLink2URL"; Value = "https://www.distrelec.biz/Web/Downloads/3_/en/puSTM_ARM-MicroCont-STM32F103_EN.pdf?mime=application%2Fpdf&src-supplier=Distrelec"; VariantName = "[No Variations]"
Change component parameters (AddParameter): Name = "ComponentLink3Description"; Value = "https://www.verical.com/server-webapp/html/getDatasheet?partID=69880&src-supplier=Verical"; VariantName = "[No Variations]"
Change component parameters (AddParameter): Name = "ComponentLink3URL"; Value = "https://www.verical.com/server-webapp/html/getDatasheet?partID=69880&src-supplier=Verical"; VariantName = "[No Variations]"
Change component parameters (AddParameter): Name = "ComponentLink4Description"; Value = "http://www.farnell.com/datasheets/1730126.pdf?src-supplier=Element14"; VariantName = "[No Variations]"
Change component parameters (AddParameter): Name = "ComponentLink4URL"; Value = "http://www.farnell.com/datasheets/1730126.pdf?src-supplier=Element14"; VariantName = "[No Variations]"
Change component parameters (AddParameter): Name = "ComponentLink5Description"; Value = "http://www.produktinfo.conrad.com/datenblaetter/1000000-1099999/001075658-da-01-en-MCU_64KB_MEM_STM32F103C8T6_LQFP_48_STM.pdf?src-supplier=Conrad"; VariantName = "[No Variations]"
Change component parameters (AddParameter): Name = "ComponentLink5URL"; Value = "http://www.produktinfo.conrad.com/datenblaetter/1000000-1099999/001075658-da-01-en-MCU_64KB_MEM_STM32F103C8T6_LQFP_48_STM.pdf?src-supplier=Conrad"; VariantName = "[No Variations]"
Change component parameters (AddParameter): Name = "ComponentLink6Description"; Value = "http://datasheet.iiic.cc/stmicroelectronics/STM32F103C8T6.pdf?src-supplier=IIIC"; VariantName = "[No Variations]"
Change component parameters (AddParameter): Name = "ComponentLink6URL"; Value = "http://datasheet.iiic.cc/stmicroelectronics/STM32F103C8T6.pdf?src-supplier=IIIC"; VariantName = "[No Variations]"
Change component parameters (AddParameter): Name = "Data Bus Width"; Value = "32bit"; VariantName = "[No Variations]"
Change component parameters (AddParameter): Name = "Device Core"; Value = "ARM Cortex M3"; VariantName = "[No Variations]"
Change component parameters (AddParameter): Name = "Dimensions"; Value = "7.2 x 7.2 x 1.45mm"; VariantName = "[No Variations]"
Change component parameters (AddParameter): Name = "Family Name"; Value = "STM32F"; VariantName = "[No Variations]"
Change component parameters (AddParameter): Name = "Height"; Value = "1.45mm"; VariantName = "[No Variations]"
Change component parameters (AddParameter): Name = "Instruction Set Architecture"; Value = "RISC"; VariantName = "[No Variations]"
Change component parameters (AddParameter): Name = "Length"; Value = "7.2mm"; VariantName = "[No Variations]"
Change component parameters (AddParameter): Name = "Manufacturer"; Value = "STMicroelectronics"; VariantName = "[No Variations]"
Change component parameters (AddParameter): Name = "Manufacturer Part Number"; Value = "STM32F103C8T6"; VariantName = "[No Variations]"
Change component parameters (AddParameter): Name = "Maximum Frequency"; Value = "72MHz"; VariantName = "[No Variations]"
Change component parameters (AddParameter): Name = "Maximum Operating Temperature"; Value = "+85 °C"; VariantName = "[No Variations]"
Change component parameters (AddParameter): Name = "Minimum Operating Temperature"; Value = "-40 °C"; VariantName = "[No Variations]"
Change component parameters (AddParameter): Name = "Mounting Type"; Value = "Surface Mount"; VariantName = "[No Variations]"
Change component parameters (AddParameter): Name = "Number of ADC Units"; Value = "2"; VariantName = "[No Variations]"
Change component parameters (AddParameter): Name = "Number of CAN Channels"; Value = "1"; VariantName = "[No Variations]"
Change component parameters (AddParameter): Name = "Number of I2C Channels"; Value = "2"; VariantName = "[No Variations]"
Change component parameters (AddParameter): Name = "Number of PWM Units"; Value = "1"; VariantName = "[No Variations]"
Change component parameters (AddParameter): Name = "Number of SPI Channels"; Value = "2"; VariantName = "[No Variations]"
Change component parameters (AddParameter): Name = "Number of Timers"; Value = "3"; VariantName = "[No Variations]"
Change component parameters (AddParameter): Name = "Number of USART Channels"; Value = "3"; VariantName = "[No Variations]"
Change component parameters (AddParameter): Name = "Package Type"; Value = "LQFP"; VariantName = "[No Variations]"
Change component parameters (AddParameter): Name = "Pin Count"; Value = "48"; VariantName = "[No Variations]"
Change component parameters (AddParameter): Name = "Pricing 1"; Value = "1=6.06, 10=5.438, 250=4.2272, 500=3.7931, 1000=3.199 (USD)"; VariantName = "[No Variations]"
Change component parameters (AddParameter): Name = "Program Memory Size"; Value = "64 kB"; VariantName = "[No Variations]"
Change component parameters (AddParameter): Name = "Program Memory Type"; Value = "Flash"; VariantName = "[No Variations]"
Change component parameters (AddParameter): Name = "Pulse Width Modulation"; Value = "1(16 bit) (Motor Control)"; VariantName = "[No Variations]"
Change component parameters (AddParameter): Name = "PWM Resolution"; Value = "16bit"; VariantName = "[No Variations]"
Change component parameters (AddParameter): Name = "RAM Size"; Value = "20 kB"; VariantName = "[No Variations]"
Change component parameters (AddParameter): Name = "Stock 1"; Value = "2374"; VariantName = "[No Variations]"
Change component parameters (AddParameter): Name = "Supplier 1"; Value = "Digi-Key"; VariantName = "[No Variations]"
Change component parameters (AddParameter): Name = "Supplier Part Number 1"; Value = "497-6063-ND"; VariantName = "[No Variations]"
Change component parameters (AddParameter): Name = "Timer Resolution"; Value = "16bit"; VariantName = "[No Variations]"
Change component parameters (AddParameter): Name = "Timers"; Value = "3 x 16 bit"; VariantName = "[No Variations]"
Change component parameters (AddParameter): Name = "Typical Operating Supply Voltage"; Value = "2 ? 3.6 V"; VariantName = "[No Variations]"
Change component parameters (AddParameter): Name = "USB Channels"; Value = "1 x Device"; VariantName = "[No Variations]"
Change component parameters (AddParameter): Name = "Width"; Value = "7.2mm"; VariantName = "[No Variations]"
Change component parameters (AddParameter): Name = "Description 1"; Value = "10 => 220uF/6,3V/10V - 10uF => 100uF/16V"; VariantName = "[No Variations]"
Change component parameters (AddParameter): Name = "Description 2"; Value = "0,1uF => 33uF/50V - 10uF => 22uF/63V"; VariantName = "[No Variations]"
Change component parameters (AddParameter): Name = "Description 3"; Value = "0,47uF => 10uF/100V"; VariantName = "[No Variations]"
Change component parameters (AddParameter): Name = "Value"; Value = "10uF/50V"; VariantName = "[No Variations]"
Change component parameters. Clean all parameters for all variants
Change component parameters (AddParameter): Name = "Description 1"; Value = "10 => 220uF/6,3V/10V - 10uF => 100uF/16V"; VariantName = "[No Variations]"
Change component parameters (AddParameter): Name = "Description 2"; Value = "0,1uF => 33uF/50V - 10uF => 22uF/63V"; VariantName = "[No Variations]"
Change component parameters (AddParameter): Name = "Description 3"; Value = "0,47uF => 10uF/100V"; VariantName = "[No Variations]"
Change component parameters (AddParameter): Name = "Value"; Value = "10uF/50V"; VariantName = "[No Variations]"
Change component parameters (AddParameter): Name = "Description 1"; Value = "10 => 220uF/6,3V/10V - 10uF => 100uF/16V"; VariantName = "[No Variations]"
Change component parameters (AddParameter): Name = "Description 2"; Value = "0,1uF => 33uF/50V - 10uF => 22uF/63V"; VariantName = "[No Variations]"
Change component parameters (AddParameter): Name = "Description 3"; Value = "0,47uF => 10uF/100V"; VariantName = "[No Variations]"
Change component parameters (AddParameter): Name = "Value"; Value = "10uF/50V"; VariantName = "[No Variations]"
Change component parameters. Clean all parameters for all variants
Change component parameters (AddParameter): Name = "Description 1"; Value = "10 => 220uF/6,3V/10V - 10uF => 100uF/16V"; VariantName = "[No Variations]"
Change component parameters (AddParameter): Name = "Description 2"; Value = "0,1uF => 33uF/50V - 10uF => 22uF/63V"; VariantName = "[No Variations]"
Change component parameters (AddParameter): Name = "Description 3"; Value = "0,47uF => 10uF/100V"; VariantName = "[No Variations]"
Change component parameters (AddParameter): Name = "Value"; Value = "10uF/50V"; VariantName = "[No Variations]"
Added Member To Class: ClassName=inverter_sch Member=Component C8 10nF
Added Member To Class: ClassName=inverter_sch Member=Component D1 T4
Added Member To Class: ClassName=inverter_sch Member=Component Q1 G1
Added Member To Class: ClassName=inverter_sch Member=Component Q3 Y2
