Removed Pin From Net: NetName=GND Pin=I_ADC-1
Removed Pin From Net: NetName=NetI_ADC_2 Pin=IC3-1
Removed Pin From Net: NetName=NetI_ADC_3 Pin=IC5-1
Removed Pin From Net: NetName=NetI_ADC_3 Pin=R21-1
Removed Pin From Net: NetName=NetI_ADC_2 Pin=R41-1
Add component (AddParameter): Name = "ComponentLink1 Description"; Value = "Manufacturer"; VariantName = "[No Variations]"
Add component (AddParameter): Name = "ComponentLink1URL"; Value = "http://www.we-online.com"; VariantName = "[No Variations]"
Add component (AddParameter): Name = "ComponentLink2 Description"; Value = "Datasheet"; VariantName = "[No Variations]"
Add component (AddParameter): Name = "ComponentLink2URL"; Value = "http://katalog.we-online.de/em/datasheet/6130xx143121.pdf"; VariantName = "[No Variations]"
Add component (AddParameter): Name = "Created by"; Value = "Karrer Zheng"; VariantName = "[No Variations]"
Add component (AddParameter): Name = "Created Date"; Value = "29 March 2013"; VariantName = "[No Variations]"
Add component (AddParameter): Name = "Manufacturer"; Value = "W¨¹rth Elektronik eiSos GmbH"; VariantName = "[No Variations]"
Add component (AddParameter): Name = "NoPins"; Value = "04"; VariantName = "[No Variations]"
Add component (AddParameter): Name = "partNo"; Value = "613004143121"; VariantName = "[No Variations]"
Added Component: Designator=UART(JP4-C1T)
Add component. Clean all parameters for all variants
Add component (AddParameter): Name = "ComponentLink1 Description"; Value = "Manufacturer"; VariantName = "[No Variations]"
Add component (AddParameter): Name = "ComponentLink1URL"; Value = "http://www.we-online.com"; VariantName = "[No Variations]"
Add component (AddParameter): Name = "ComponentLink2 Description"; Value = "Datasheet"; VariantName = "[No Variations]"
Add component (AddParameter): Name = "ComponentLink2URL"; Value = "http://katalog.we-online.de/em/datasheet/6130xx143121.pdf"; VariantName = "[No Variations]"
Add component (AddParameter): Name = "Created by"; Value = "Karrer Zheng"; VariantName = "[No Variations]"
Add component (AddParameter): Name = "Created Date"; Value = "29 March 2013"; VariantName = "[No Variations]"
Add component (AddParameter): Name = "Manufacturer"; Value = "W¨¹rth Elektronik eiSos GmbH"; VariantName = "[No Variations]"
Add component (AddParameter): Name = "NoPins"; Value = "04"; VariantName = "[No Variations]"
Add component (AddParameter): Name = "partNo"; Value = "613004143121"; VariantName = "[No Variations]"
Added Pin To Net: NetName=GND Pin=I_ADC-4
Added Pin To Net: NetName=NetI_ADC_2 Pin=IC5-1
Added Pin To Net: NetName=NetI_ADC_3 Pin=IC5-7
Added Pin To Net: NetName=NetI_ADC_2 Pin=R21-1
Added Pin To Net: NetName=NetI_ADC_3 Pin=R29-1
Added Pin To Net: NetName=GND Pin=UART-1
Added Pin To Net: NetName=U6RX Pin=UART-2
Added Pin To Net: NetName=U6TX Pin=UART-3
Added Pin To Net: NetName=3.3V Pin=UART-4
Added Pin To Net: NetName=NetI_ADC_1 Pin=I_ADC-1
Added Pin To Net: NetName=NetI_ADC_1 Pin=IC3-1
Added Pin To Net: NetName=NetI_ADC_1 Pin=R41-1
Added Net: Name=NetI_ADC_1
Added Member To Class: ClassName=KIT_STM32F4 Member=Component UART JP4
