Removed Pin From Net: NetName=NetIC1_10 Pin=SGN-1
Removed Pin From Net: NetName=NetIC1_9 Pin=SGN-2
Removed Pin From Net: NetName=NetIC1_8 Pin=SGN-3
Removed Pin From Net: NetName=NetIC1_7 Pin=SGN-4
Removed Pin From Net: NetName=NetIC1_6 Pin=SGN-5
Removed Pin From Net: NetName=NetIC1_5 Pin=SGN-6
Removed Pin From Net: NetName=NetIC1_4 Pin=SGN-7
Removed Pin From Net: NetName=NetIC1_3 Pin=SGN-8
Removed Pin From Net: NetName=NetIC1_2 Pin=SGN-9
Change Component Footprint: Designator=SGN Old Footprint=JP9-C1T New Footprint=JP11-C1T
Change Component Comment : Designator=SGN Old Comment=JP9 New Comment=JP11
Change component parameters (AddParameter): Name = "ComponentLink1 Description"; Value = "Manufacturer"; VariantName = "[No Variations]"
Change component parameters (AddParameter): Name = "ComponentLink1URL"; Value = "http://www.we-online.com"; VariantName = "[No Variations]"
Change component parameters (AddParameter): Name = "ComponentLink2 Description"; Value = "Datasheet"; VariantName = "[No Variations]"
Change component parameters (AddParameter): Name = "ComponentLink2URL"; Value = "http://katalog.we-online.de/em/datasheet/6130xx143121.pdf"; VariantName = "[No Variations]"
Change component parameters (AddParameter): Name = "Created by"; Value = "Karrer Zheng"; VariantName = "[No Variations]"
Change component parameters (AddParameter): Name = "Created Date"; Value = "29 March 2013"; VariantName = "[No Variations]"
Change component parameters (AddParameter): Name = "Manufacturer"; Value = "W¨¹rth Elektronik eiSos GmbH"; VariantName = "[No Variations]"
Change component parameters (AddParameter): Name = "NoPins"; Value = "11"; VariantName = "[No Variations]"
Change component parameters (AddParameter): Name = "partNo"; Value = "613011143121"; VariantName = "[No Variations]"
Change component parameters. Clean all parameters for all variants
Change component parameters (AddParameter): Name = "ComponentLink1 Description"; Value = "Manufacturer"; VariantName = "[No Variations]"
Change component parameters (AddParameter): Name = "ComponentLink1URL"; Value = "http://www.we-online.com"; VariantName = "[No Variations]"
Change component parameters (AddParameter): Name = "ComponentLink2 Description"; Value = "Datasheet"; VariantName = "[No Variations]"
Change component parameters (AddParameter): Name = "ComponentLink2URL"; Value = "http://katalog.we-online.de/em/datasheet/6130xx143121.pdf"; VariantName = "[No Variations]"
Change component parameters (AddParameter): Name = "Created by"; Value = "Karrer Zheng"; VariantName = "[No Variations]"
Change component parameters (AddParameter): Name = "Created Date"; Value = "29 March 2013"; VariantName = "[No Variations]"
Change component parameters (AddParameter): Name = "Manufacturer"; Value = "W¨¹rth Elektronik eiSos GmbH"; VariantName = "[No Variations]"
Change component parameters (AddParameter): Name = "NoPins"; Value = "11"; VariantName = "[No Variations]"
Change component parameters (AddParameter): Name = "partNo"; Value = "613011143121"; VariantName = "[No Variations]"
Added Pin To Net: NetName=GND Pin=SGN-1
Added Pin To Net: NetName=NetIC1_10 Pin=SGN-2
Added Pin To Net: NetName=NetIC1_9 Pin=SGN-3
Added Pin To Net: NetName=NetIC1_8 Pin=SGN-4
Added Pin To Net: NetName=NetIC1_7 Pin=SGN-5
Added Pin To Net: NetName=NetIC1_6 Pin=SGN-6
Added Pin To Net: NetName=NetIC1_5 Pin=SGN-7
Added Pin To Net: NetName=NetIC1_4 Pin=SGN-8
Added Pin To Net: NetName=NetIC1_3 Pin=SGN-9
Added Pin To Net: NetName=NetIC1_2 Pin=SGN-10
Added Pin To Net: NetName=5V Pin=SGN-11
