Removed Pin From Net: NetName=NetIC1_10 Pin=signal-1
Removed Pin From Net: NetName=NetIC1_8 Pin=signal-2
Removed Pin From Net: NetName=NetIC1_7 Pin=signal-3
Removed Pin From Net: NetName=NetIC1_6 Pin=signal-4
Removed Pin From Net: NetName=NetIC1_5 Pin=signal-5
Removed Pin From Net: NetName=NetIC1_4 Pin=signal-6
Removed Pin From Net: NetName=NetIC1_3 Pin=signal-7
Removed Pin From Net: NetName=NetIC1_2 Pin=signal-8
Add component (AddParameter): Name = "ComponentLink1 Description"; Value = "Manufacturer"; VariantName = "[No Variations]"
Add component (AddParameter): Name = "ComponentLink1URL"; Value = "http://www.we-online.com"; VariantName = "[No Variations]"
Add component (AddParameter): Name = "ComponentLink2 Description"; Value = "Datasheet"; VariantName = "[No Variations]"
Add component (AddParameter): Name = "ComponentLink2URL"; Value = "http://katalog.we-online.de/em/datasheet/6130xx143121.pdf"; VariantName = "[No Variations]"
Add component (AddParameter): Name = "Created by"; Value = "Karrer Zheng"; VariantName = "[No Variations]"
Add component (AddParameter): Name = "Created Date"; Value = "29 March 2013"; VariantName = "[No Variations]"
Add component (AddParameter): Name = "Manufacturer"; Value = "W¨¹rth Elektronik eiSos GmbH"; VariantName = "[No Variations]"
Add component (AddParameter): Name = "NoPins"; Value = "09"; VariantName = "[No Variations]"
Add component (AddParameter): Name = "partNo"; Value = "613009143121"; VariantName = "[No Variations]"
Added Component: Designator=SGN(JP9-C1T)
Add component. Clean all parameters for all variants
Add component (AddParameter): Name = "ComponentLink1 Description"; Value = "Manufacturer"; VariantName = "[No Variations]"
Add component (AddParameter): Name = "ComponentLink1URL"; Value = "http://www.we-online.com"; VariantName = "[No Variations]"
Add component (AddParameter): Name = "ComponentLink2 Description"; Value = "Datasheet"; VariantName = "[No Variations]"
Add component (AddParameter): Name = "ComponentLink2URL"; Value = "http://katalog.we-online.de/em/datasheet/6130xx143121.pdf"; VariantName = "[No Variations]"
Add component (AddParameter): Name = "Created by"; Value = "Karrer Zheng"; VariantName = "[No Variations]"
Add component (AddParameter): Name = "Created Date"; Value = "29 March 2013"; VariantName = "[No Variations]"
Add component (AddParameter): Name = "Manufacturer"; Value = "W¨¹rth Elektronik eiSos GmbH"; VariantName = "[No Variations]"
Add component (AddParameter): Name = "NoPins"; Value = "09"; VariantName = "[No Variations]"
Add component (AddParameter): Name = "partNo"; Value = "613009143121"; VariantName = "[No Variations]"
Added Pin To Net: NetName=NetIC1_10 Pin=SGN-1
Added Pin To Net: NetName=NetIC1_8 Pin=SGN-3
Added Pin To Net: NetName=NetIC1_7 Pin=SGN-4
Added Pin To Net: NetName=NetIC1_6 Pin=SGN-5
Added Pin To Net: NetName=NetIC1_5 Pin=SGN-6
Added Pin To Net: NetName=NetIC1_4 Pin=SGN-7
Added Pin To Net: NetName=NetIC1_3 Pin=SGN-8
Added Pin To Net: NetName=NetIC1_2 Pin=SGN-9
Change Net Name : Old Net Name=NetIC1_9 New Net Name=mid
Added Member To Class: ClassName=KIT_STM32F4 Member=Component SGN JP9
Added Member To Class: ClassName=KIT_STM32F4 Member=Component signal JP8
